<?xml version="1.0" encoding="UTF-8"?>
<testng-results skipped="0" failed="1" ignored="0" total="2" passed="1">
  <reporter-output>
  </reporter-output>
  <suite name="Default suite" duration-ms="9319" started-at="2019-09-11T10:02:11 EDT" finished-at="2019-09-11T10:02:20 EDT">
    <groups>
    </groups>
    <test name="Default test" duration-ms="9319" started-at="2019-09-11T10:02:11 EDT" finished-at="2019-09-11T10:02:20 EDT">
      <class name="PageTest.LoginTest">
        <test-method status="PASS" signature="properties()[pri:0, instance:PageTest.LoginTest@5f71c76a]" name="properties" is-config="true" duration-ms="25" started-at="2019-09-11T10:02:11 EDT" finished-at="2019-09-11T10:02:11 EDT">
          <reporter-output>
          </reporter-output>
        </test-method> <!-- properties -->
        <test-method status="PASS" signature="instantiateDriver()[pri:0, instance:PageTest.LoginTest@5f71c76a]" name="instantiateDriver" is-config="true" duration-ms="5150" started-at="2019-09-11T10:02:11 EDT" finished-at="2019-09-11T10:02:16 EDT">
          <reporter-output>
          </reporter-output>
        </test-method> <!-- instantiateDriver -->
        <test-method status="PASS" signature="openURL()[pri:0, instance:PageTest.LoginTest@5f71c76a]" name="openURL" duration-ms="4037" started-at="2019-09-11T10:02:16 EDT" finished-at="2019-09-11T10:02:20 EDT">
          <reporter-output>
          </reporter-output>
        </test-method> <!-- openURL -->
        <test-method status="FAIL" signature="logintesting()[pri:0, instance:PageTest.LoginTest@5f71c76a]" name="logintesting" duration-ms="73" started-at="2019-09-11T10:02:20 EDT" finished-at="2019-09-11T10:02:20 EDT">
          <exception class="org.apache.poi.POIXMLException">
            <message>
              <![CDATA[org.apache.poi.openxml4j.exceptions.InvalidFormatException: Package should contain a content type part [M1.13]]]>
            </message>
            <full-stacktrace>
              <![CDATA[org.apache.poi.POIXMLException: org.apache.poi.openxml4j.exceptions.InvalidFormatException: Package should contain a content type part [M1.13]
at org.apache.poi.util.PackageHelper.open(PackageHelper.java:41)
at org.apache.poi.xssf.usermodel.XSSFWorkbook.<init>(XSSFWorkbook.java:178)
at Generic.ExcelUtils.<init>(ExcelUtils.java:26)
at PageTest.LoginTest.logintesting(LoginTest.java:17)
at sun.reflect.NativeMethodAccessorImpl.invoke0(Native Method)
at sun.reflect.NativeMethodAccessorImpl.invoke(Unknown Source)
at sun.reflect.DelegatingMethodAccessorImpl.invoke(Unknown Source)
at java.lang.reflect.Method.invoke(Unknown Source)
at org.testng.internal.MethodInvocationHelper.invokeMethod(MethodInvocationHelper.java:133)
at org.testng.internal.TestInvoker.invokeMethod(TestInvoker.java:584)
at org.testng.internal.TestInvoker.invokeTestMethod(TestInvoker.java:172)
at org.testng.internal.MethodRunner.runInSequence(MethodRunner.java:46)
at org.testng.internal.TestInvoker$MethodInvocationAgent.invoke(TestInvoker.java:804)
at org.testng.internal.TestInvoker.invokeTestMethods(TestInvoker.java:145)
at org.testng.internal.TestMethodWorker.invokeTestMethods(TestMethodWorker.java:146)
at org.testng.internal.TestMethodWorker.run(TestMethodWorker.java:128)
at java.util.ArrayList.forEach(Unknown Source)
at org.testng.TestRunner.privateRun(TestRunner.java:770)
at org.testng.TestRunner.run(TestRunner.java:591)
at org.testng.SuiteRunner.runTest(SuiteRunner.java:402)
at org.testng.SuiteRunner.runSequentially(SuiteRunner.java:396)
at org.testng.SuiteRunner.privateRun(SuiteRunner.java:355)
at org.testng.SuiteRunner.run(SuiteRunner.java:304)
at org.testng.SuiteRunnerWorker.runSuite(SuiteRunnerWorker.java:53)
at org.testng.SuiteRunnerWorker.run(SuiteRunnerWorker.java:96)
at org.testng.TestNG.runSuitesSequentially(TestNG.java:1180)
at org.testng.TestNG.runSuitesLocally(TestNG.java:1102)
at org.testng.TestNG.runSuites(TestNG.java:1032)
at org.testng.TestNG.run(TestNG.java:1000)
at org.testng.remote.AbstractRemoteTestNG.run(AbstractRemoteTestNG.java:115)
at org.testng.remote.RemoteTestNG.initAndRun(RemoteTestNG.java:251)
at org.testng.remote.RemoteTestNG.main(RemoteTestNG.java:77)
Caused by: org.apache.poi.openxml4j.exceptions.InvalidFormatException: Package should contain a content type part [M1.13]
at org.apache.poi.openxml4j.opc.ZipPackage.getPartsImpl(ZipPackage.java:148)
at org.apache.poi.openxml4j.opc.OPCPackage.getParts(OPCPackage.java:615)
at org.apache.poi.openxml4j.opc.OPCPackage.open(OPCPackage.java:229)
at org.apache.poi.util.PackageHelper.open(PackageHelper.java:39)
... 31 more
]]>
            </full-stacktrace>
          </exception> <!-- org.apache.poi.POIXMLException -->
          <reporter-output>
          </reporter-output>
        </test-method> <!-- logintesting -->
        <test-method status="PASS" signature="teardown()[pri:0, instance:PageTest.LoginTest@5f71c76a]" name="teardown" is-config="true" duration-ms="1342" started-at="2019-09-11T10:02:20 EDT" finished-at="2019-09-11T10:02:21 EDT">
          <reporter-output>
          </reporter-output>
        </test-method> <!-- teardown -->
      </class> <!-- PageTest.LoginTest -->
    </test> <!-- Default test -->
  </suite> <!-- Default suite -->
</testng-results>
